<?xml version="1.0" encoding="UTF-8"?>
<testsuite xmlns:xsi="http://www.w3.org/2001/XMLSchema-instance" xsi:noNamespaceSchemaLocation="https://maven.apache.org/surefire/maven-surefire-plugin/xsd/surefire-test-report.xsd" name="runner.TestRunner" time="272.535" tests="14" errors="1" skipped="0" failures="0">
  <properties>
[...]
</properties>
  <testcase name="login with valid credentials #1" classname="login functionality" time="23.208"/>
  <testcase name="login with valid credentials #2" classname="login functionality" time="20.45"/>
  <testcase name="login with Invalid credentials" classname="login functionality" time="19.502"/>
  <testcase name="login with valid username and invalid password" classname="login functionality" time="20.416"/>
  <testcase name="login with Invalid username and valid password" classname="login functionality" time="21.247"/>
  <testcase name="login without providing any creditials" classname="login functionality" time="19.972"/>
  <testcase name="Register with manedatory fields" classname="User Registration" time="30.317"/>
  <testcase name="Register with All fields" classname="User Registration" time="32.583"/>
  <testcase name="Register without providing any fields" classname="User Registration" time="26.505"/>
  <testcase name="Register with duplicate email address" classname="User Registration" time="20.924"/>
  <testcase name="Search for the valid product" classname="Search functionality" time="12.952"/>
  <testcase name="Search for the non existing product" classname="Search functionality" time="12.304"/>
  <testcase name="Search without providing any product" classname="Search functionality" time="10.449"/>
  <testcase name="runner.TestRunner" classname="runner.TestRunner" time="11.167">
    <error message="javax.net.ssl.SSLHandshakeException: PKIX path building failed: sun.security.provider.certpath.SunCertPathBuilderException: unable to find valid certification path to requested target" type="java.lang.RuntimeException">java.lang.RuntimeException: javax.net.ssl.SSLHandshakeException: PKIX path building failed: sun.security.provider.certpath.SunCertPathBuilderException: unable to find valid certification path to requested target
Caused by: javax.net.ssl.SSLHandshakeException: PKIX path building failed: sun.security.provider.certpath.SunCertPathBuilderException: unable to find valid certification path to requested target
Caused by: javax.net.ssl.SSLHandshakeException: PKIX path building failed: sun.security.provider.certpath.SunCertPathBuilderException: unable to find valid certification path to requested target
Caused by: sun.security.validator.ValidatorException: PKIX path building failed: sun.security.provider.certpath.SunCertPathBuilderException: unable to find valid certification path to requested target
Caused by: sun.security.provider.certpath.SunCertPathBuilderException: unable to find valid certification path to requested target
</error>
  </testcase>
</testsuite>